Failure # 1 (occurred at 2025-06-07_11-44-00)
The actor died unexpectedly before finishing this task.
	class_name: ImplicitFunc
	actor_id: 003e91f1c4b8d0558f95fc8f01000000
	pid: 3299881
	namespace: cfec0742-c54a-4dfd-b915-4eb3deb7399e
	ip: 37.27.65.57
The actor is dead because its worker process has died. Worker exit type: SYSTEM_ERROR Worker exit detail: Worker exits unexpectedly. Worker exits with an exit code None. Traceback (most recent call last):
  File "python/ray/_raylet.pyx", line 1873, in ray._raylet.execute_task
  File "python/ray/_raylet.pyx", line 1981, in ray._raylet.execute_task
  File "python/ray/_raylet.pyx", line 1880, in ray._raylet.execute_task
  File "python/ray/_raylet.pyx", line 1820, in ray._raylet.execute_task.function_executor
  File "/home/alessio/.cache/pypoetry/virtualenvs/reinforcestrategycreator-Qe3clns0-py3.12/lib/python3.12/site-packages/ray/_private/function_manager.py", line 689, in actor_method_executor
    return method(__ray_actor, *args, **kwargs)
           ^^^^^^^^^^^^^^^^^^^^^^^^^^^^^^^^^^^^
  File "/home/alessio/.cache/pypoetry/virtualenvs/reinforcestrategycreator-Qe3clns0-py3.12/lib/python3.12/site-packages/ray/_private/function_manager.py", line 606, in temporary_actor_method
    raise RuntimeError(
RuntimeError: The actor with name ImplicitFunc failed to import on the worker. This may be because needed library dependencies are not installed in the worker environment:

Traceback (most recent call last):
  File "/home/alessio/.cache/pypoetry/virtualenvs/reinforcestrategycreator-Qe3clns0-py3.12/lib/python3.12/site-packages/ray/_private/function_manager.py", line 645, in _load_actor_class_from_gcs
    actor_class = pickle.loads(pickled_class)
                  ^^^^^^^^^^^^^^^^^^^^^^^^^^^
ModuleNotFoundError: No module named 'src'


During handling of the above exception, another exception occurred:

Traceback (most recent call last):
  File "python/ray/_raylet.pyx", line 2300, in ray._raylet.task_execution_handler
  File "python/ray/_raylet.pyx", line 2173, in ray._raylet.execute_task_with_cancellation_handler
  File "python/ray/_raylet.pyx", line 1822, in ray._raylet.execute_task
  File "python/ray/_raylet.pyx", line 1823, in ray._raylet.execute_task
  File "python/ray/_raylet.pyx", line 2067, in ray._raylet.execute_task
  File "python/ray/_raylet.pyx", line 1053, in ray._raylet.store_task_errors
  File "/home/alessio/.cache/pypoetry/virtualenvs/reinforcestrategycreator-Qe3clns0-py3.12/lib/python3.12/site-packages/ray/_private/function_manager.py", line 606, in temporary_actor_method
    raise RuntimeError(
RuntimeError: The actor with name ImplicitFunc failed to import on the worker. This may be because needed library dependencies are not installed in the worker environment:

Traceback (most recent call last):
  File "/home/alessio/.cache/pypoetry/virtualenvs/reinforcestrategycreator-Qe3clns0-py3.12/lib/python3.12/site-packages/ray/_private/function_manager.py", line 645, in _load_actor_class_from_gcs
    actor_class = pickle.loads(pickled_class)
                  ^^^^^^^^^^^^^^^^^^^^^^^^^^^
ModuleNotFoundError: No module named 'src'

An unexpected internal error occurred while the worker was executing a task.
